[INFO] Scanning for projects...
[INFO]                                                                         
[INFO] ------------------------------------------------------------------------
[INFO] Building Apache Commons Validator 1.5.0
[INFO] ------------------------------------------------------------------------
[INFO] 
[INFO] --- maven-enforcer-plugin:1.3.1:enforce (enforce-maven-3) @ commons-validator ---
[INFO] 
[INFO] --- build-helper-maven-plugin:1.9.1:parse-version (parse-version) @ commons-validator ---
[INFO] 
[INFO] --- maven-antrun-plugin:1.8:run (javadoc.resources) @ commons-validator ---
[INFO] Executing tasks

main:
[INFO] Executed tasks
[INFO] 
[INFO] --- maven-remote-resources-plugin:1.5:process (default) @ commons-validator ---
[INFO] 
[INFO] --- buildnumber-maven-plugin:1.3:create (default) @ commons-validator ---
[INFO] Executing: /bin/sh -c cd /home/ubuntu/research/commons-validator && svn --non-interactive info
[INFO] Working directory: /home/ubuntu/research/commons-validator
[INFO] Storing buildNumber: 1716339 at timestamp: 1506279886206
[INFO] Executing: /bin/sh -c cd /home/ubuntu/research/commons-validator && svn --non-interactive info
[INFO] Working directory: /home/ubuntu/research/commons-validator
[INFO] Storing buildScmBranch: tags/VALIDATOR_1_5_0
[INFO] 
[INFO] --- maven-resources-plugin:2.7:resources (default-resources) @ commons-validator ---
[INFO] Using 'UTF-8' encoding to copy filtered resources.
[INFO] Copying 2 resources to META-INF
[INFO] Copying 8 resources
[INFO] 
[INFO] --- maven-compiler-plugin:3.3:compile (default-compile) @ commons-validator ---
[INFO] Nothing to compile - all classes are up to date
[INFO] 
[INFO] --- maven-bundle-plugin:2.5.3:manifest (bundle-manifest) @ commons-validator ---
[INFO] 
[INFO] --- animal-sniffer-maven-plugin:1.14:check (checkAPIcompatibility) @ commons-validator ---
[INFO] Checking unresolved references to org.codehaus.mojo.signature:java16:1.0
[INFO] 
[INFO] --- maven-resources-plugin:2.7:testResources (default-testResources) @ commons-validator ---
[INFO] Using 'UTF-8' encoding to copy filtered resources.
[INFO] Copying 19 resources
[INFO] Copying 2 resources to META-INF
[INFO] 
[INFO] --- maven-compiler-plugin:3.3:testCompile (default-testCompile) @ commons-validator ---
[INFO] Nothing to compile - all classes are up to date
[INFO] 
[INFO] --- maven-surefire-plugin:2.18.1:test (default-test) @ commons-validator ---
[INFO] Surefire report directory: /home/ubuntu/research/commons-validator/target/surefire-reports

-------------------------------------------------------
 T E S T S
-------------------------------------------------------
Running org.apache.commons.validator.ValidatorResourcesTest
Tests run: 1, Failures: 0, Errors: 0, Skipped: 0, Time elapsed: 0.15 sec - in org.apache.commons.validator.ValidatorResourcesTest
Running org.apache.commons.validator.routines.InetAddressValidatorTest
Tests run: 6, Failures: 0, Errors: 0, Skipped: 0, Time elapsed: 0 sec - in org.apache.commons.validator.routines.InetAddressValidatorTest
Running org.apache.commons.validator.routines.CalendarValidatorTest
org.apache.commons.validator.routines.CalendarValidator
org.apache.commons.validator.routines.CalendarValidator
org.apache.commons.validator.routines.CalendarValidator
org.apache.commons.validator.routines.CalendarValidator
org.apache.commons.validator.routines.CalendarValidatorTest$1
org.apache.commons.validator.routines.CalendarValidator
org.apache.commons.validator.routines.CalendarValidator
org.apache.commons.validator.routines.CalendarValidator
org.apache.commons.validator.routines.CalendarValidator
org.apache.commons.validator.routines.CalendarValidator
org.apache.commons.validator.routines.CalendarValidator
org.apache.commons.validator.routines.CalendarValidator
Tests run: 10, Failures: 0, Errors: 0, Skipped: 0, Time elapsed: 0.217 sec - in org.apache.commons.validator.routines.CalendarValidatorTest
Running org.apache.commons.validator.routines.CurrencyValidatorTest
Tests run: 6, Failures: 0, Errors: 0, Skipped: 0, Time elapsed: 0.029 sec - in org.apache.commons.validator.routines.CurrencyValidatorTest
Running org.apache.commons.validator.routines.LongValidatorTest
Tests run: 12, Failures: 0, Errors: 0, Skipped: 0, Time elapsed: 0.033 sec - in org.apache.commons.validator.routines.LongValidatorTest
Running org.apache.commons.validator.routines.ISBNValidatorTest
Tests run: 12, Failures: 0, Errors: 0, Skipped: 0, Time elapsed: 0.026 sec - in org.apache.commons.validator.routines.ISBNValidatorTest
Running org.apache.commons.validator.routines.IntegerValidatorTest
Tests run: 12, Failures: 0, Errors: 0, Skipped: 0, Time elapsed: 0.014 sec - in org.apache.commons.validator.routines.IntegerValidatorTest
Running org.apache.commons.validator.routines.DoubleValidatorTest
Tests run: 12, Failures: 0, Errors: 0, Skipped: 0, Time elapsed: 0.024 sec - in org.apache.commons.validator.routines.DoubleValidatorTest
Running org.apache.commons.validator.routines.DomainValidatorTest
>>DomainValidatorTest.testIsIDNtoASCIIBroken()
IDN.toASCII is OK
java.version=1.8.0_111
java.vendor=Oracle Corporation
java.vm.specification.version=1.8
java.vm.specification.vendor=Oracle Corporation
java.vm.specification.name=Java Virtual Machine Specification
java.vm.version=25.111-b14
java.vm.vendor=Oracle Corporation
java.vm.name=Java HotSpot(TM) 64-Bit Server VM
java.specification.version=1.8
java.specification.vendor=Oracle Corporation
java.specification.name=Java Platform API Specification
java.class.version=52.0
<<DomainValidatorTest.testIsIDNtoASCIIBroken()
Tests run: 20, Failures: 0, Errors: 0, Skipped: 0, Time elapsed: 0.355 sec - in org.apache.commons.validator.routines.DomainValidatorTest
Running org.apache.commons.validator.routines.ShortValidatorTest
Tests run: 12, Failures: 0, Errors: 0, Skipped: 0, Time elapsed: 0.021 sec - in org.apache.commons.validator.routines.ShortValidatorTest
Running org.apache.commons.validator.routines.BigIntegerValidatorTest
Tests run: 12, Failures: 0, Errors: 0, Skipped: 0, Time elapsed: 0.021 sec - in org.apache.commons.validator.routines.BigIntegerValidatorTest
Running org.apache.commons.validator.routines.FloatValidatorTest
Tests run: 13, Failures: 0, Errors: 0, Skipped: 0, Time elapsed: 0.02 sec - in org.apache.commons.validator.routines.FloatValidatorTest
Running org.apache.commons.validator.routines.EmailValidatorTest
Tests run: 18, Failures: 0, Errors: 0, Skipped: 0, Time elapsed: 0.041 sec - in org.apache.commons.validator.routines.EmailValidatorTest
Running org.apache.commons.validator.routines.UrlValidatorTest
Tests run: 21, Failures: 0, Errors: 0, Skipped: 0, Time elapsed: 0.613 sec - in org.apache.commons.validator.routines.UrlValidatorTest
Running org.apache.commons.validator.routines.PercentValidatorTest
Tests run: 3, Failures: 0, Errors: 0, Skipped: 0, Time elapsed: 0.006 sec - in org.apache.commons.validator.routines.PercentValidatorTest
Running org.apache.commons.validator.routines.IBANValidatorTest
Tests run: 11, Failures: 0, Errors: 0, Skipped: 0, Time elapsed: 0.032 sec - in org.apache.commons.validator.routines.IBANValidatorTest
Running org.apache.commons.validator.routines.ISSNValidatorTest
Tests run: 6, Failures: 0, Errors: 0, Skipped: 0, Time elapsed: 0.006 sec - in org.apache.commons.validator.routines.ISSNValidatorTest
Running org.apache.commons.validator.routines.checkdigit.ModulusTenLuhnCheckDigitTest
Tests run: 7, Failures: 0, Errors: 0, Skipped: 0, Time elapsed: 0.019 sec - in org.apache.commons.validator.routines.checkdigit.ModulusTenLuhnCheckDigitTest
Running org.apache.commons.validator.routines.checkdigit.ISINCheckDigitTest
Tests run: 8, Failures: 0, Errors: 0, Skipped: 0, Time elapsed: 0.023 sec - in org.apache.commons.validator.routines.checkdigit.ISINCheckDigitTest
Running org.apache.commons.validator.routines.checkdigit.VerhoeffCheckDigitTest
Tests run: 7, Failures: 0, Errors: 0, Skipped: 0, Time elapsed: 0.006 sec - in org.apache.commons.validator.routines.checkdigit.VerhoeffCheckDigitTest
Running org.apache.commons.validator.routines.checkdigit.ISBN10CheckDigitTest
Tests run: 7, Failures: 0, Errors: 0, Skipped: 0, Time elapsed: 0.004 sec - in org.apache.commons.validator.routines.checkdigit.ISBN10CheckDigitTest
Running org.apache.commons.validator.routines.checkdigit.ModulusTenEAN13CheckDigitTest
Tests run: 7, Failures: 0, Errors: 0, Skipped: 0, Time elapsed: 0.004 sec - in org.apache.commons.validator.routines.checkdigit.ModulusTenEAN13CheckDigitTest
Running org.apache.commons.validator.routines.checkdigit.ModulusTenABACheckDigitTest
Tests run: 7, Failures: 0, Errors: 0, Skipped: 0, Time elapsed: 0.007 sec - in org.apache.commons.validator.routines.checkdigit.ModulusTenABACheckDigitTest
Running org.apache.commons.validator.routines.checkdigit.LuhnCheckDigitTest
Tests run: 7, Failures: 0, Errors: 0, Skipped: 0, Time elapsed: 0.011 sec - in org.apache.commons.validator.routines.checkdigit.LuhnCheckDigitTest
Running org.apache.commons.validator.routines.checkdigit.ABANumberCheckDigitTest
Tests run: 7, Failures: 0, Errors: 0, Skipped: 0, Time elapsed: 0.012 sec - in org.apache.commons.validator.routines.checkdigit.ABANumberCheckDigitTest
Running org.apache.commons.validator.routines.checkdigit.CUSIPCheckDigitTest
Tests run: 9, Failures: 0, Errors: 0, Skipped: 0, Time elapsed: 0.018 sec - in org.apache.commons.validator.routines.checkdigit.CUSIPCheckDigitTest
Running org.apache.commons.validator.routines.checkdigit.ISBNCheckDigitTest
Tests run: 8, Failures: 0, Errors: 0, Skipped: 0, Time elapsed: 0.022 sec - in org.apache.commons.validator.routines.checkdigit.ISBNCheckDigitTest
Running org.apache.commons.validator.routines.checkdigit.ISSNCheckDigitTest
Tests run: 7, Failures: 0, Errors: 0, Skipped: 0, Time elapsed: 0.016 sec - in org.apache.commons.validator.routines.checkdigit.ISSNCheckDigitTest
Running org.apache.commons.validator.routines.checkdigit.ModulusTenCUSIPCheckDigitTest
Tests run: 9, Failures: 0, Errors: 0, Skipped: 0, Time elapsed: 0.003 sec - in org.apache.commons.validator.routines.checkdigit.ModulusTenCUSIPCheckDigitTest
Running org.apache.commons.validator.routines.checkdigit.IBANCheckDigitTest
Tests run: 8, Failures: 0, Errors: 0, Skipped: 0, Time elapsed: 0.038 sec - in org.apache.commons.validator.routines.checkdigit.IBANCheckDigitTest
Running org.apache.commons.validator.routines.checkdigit.SedolCheckDigitTest
Tests run: 8, Failures: 0, Errors: 0, Skipped: 0, Time elapsed: 0.013 sec - in org.apache.commons.validator.routines.checkdigit.SedolCheckDigitTest
Running org.apache.commons.validator.routines.checkdigit.ModulusTenSedolCheckDigitTest
Tests run: 8, Failures: 0, Errors: 0, Skipped: 0, Time elapsed: 0.003 sec - in org.apache.commons.validator.routines.checkdigit.ModulusTenSedolCheckDigitTest
Running org.apache.commons.validator.routines.checkdigit.EAN13CheckDigitTest
Tests run: 7, Failures: 0, Errors: 0, Skipped: 0, Time elapsed: 0.006 sec - in org.apache.commons.validator.routines.checkdigit.EAN13CheckDigitTest
Running org.apache.commons.validator.routines.DateValidatorTest
org.apache.commons.validator.routines.DateValidator
org.apache.commons.validator.routines.DateValidator
org.apache.commons.validator.routines.DateValidator
***********class org.apache.commons.validator.routines.DateValidatorTest
***********testDateValidatorMethods
org.apache.commons.validator.routines.DateValidator
org.apache.commons.validator.routines.DateValidator
org.apache.commons.validator.routines.DateValidator
org.apache.commons.validator.routines.DateValidator
org.apache.commons.validator.routines.DateValidator
org.apache.commons.validator.routines.DateValidator
Tests run: 8, Failures: 0, Errors: 0, Skipped: 0, Time elapsed: 0.029 sec - in org.apache.commons.validator.routines.DateValidatorTest
Running org.apache.commons.validator.routines.CodeValidatorTest
Tests run: 7, Failures: 0, Errors: 0, Skipped: 0, Time elapsed: 0.003 sec - in org.apache.commons.validator.routines.CodeValidatorTest
Running org.apache.commons.validator.routines.BigDecimalValidatorTest
Tests run: 12, Failures: 1, Errors: 0, Skipped: 0, Time elapsed: 0.015 sec <<< FAILURE! - in org.apache.commons.validator.routines.BigDecimalValidatorTest
testBigDecimalRangeMinMax(org.apache.commons.validator.routines.BigDecimalValidatorTest)  Time elapsed: 0.003 sec  <<< FAILURE!
junit.framework.AssertionFailedError: maxValue(A) < max
	at junit.framework.Assert.fail(Assert.java:57)
	at junit.framework.Assert.assertTrue(Assert.java:22)
	at junit.framework.TestCase.assertTrue(TestCase.java:192)
	at org.apache.commons.validator.routines.BigDecimalValidatorTest.testBigDecimalRangeMinMax(BigDecimalValidatorTest.java:139)

Running org.apache.commons.validator.routines.CreditCardValidatorTest
Tests run: 15, Failures: 0, Errors: 0, Skipped: 0, Time elapsed: 0.012 sec - in org.apache.commons.validator.routines.CreditCardValidatorTest
Running org.apache.commons.validator.routines.TimeValidatorTest
org.apache.commons.validator.routines.TimeValidator
org.apache.commons.validator.routines.TimeValidator
org.apache.commons.validator.routines.TimeValidator
org.apache.commons.validator.routines.TimeValidator
org.apache.commons.validator.routines.TimeValidator
org.apache.commons.validator.routines.TimeValidator
org.apache.commons.validator.routines.TimeValidator
org.apache.commons.validator.routines.TimeValidator
Tests run: 7, Failures: 0, Errors: 0, Skipped: 0, Time elapsed: 0.016 sec - in org.apache.commons.validator.routines.TimeValidatorTest
Running org.apache.commons.validator.routines.ByteValidatorTest
Tests run: 12, Failures: 0, Errors: 0, Skipped: 0, Time elapsed: 0.016 sec - in org.apache.commons.validator.routines.ByteValidatorTest
Running org.apache.commons.validator.routines.RegexValidatorTest
Tests run: 7, Failures: 0, Errors: 0, Skipped: 0, Time elapsed: 0.003 sec - in org.apache.commons.validator.routines.RegexValidatorTest
Running org.apache.commons.validator.ExtensionTest
Tests run: 8, Failures: 0, Errors: 0, Skipped: 0, Time elapsed: 0.283 sec - in org.apache.commons.validator.ExtensionTest
Running org.apache.commons.validator.ISBNValidatorTest
Tests run: 1, Failures: 0, Errors: 0, Skipped: 0, Time elapsed: 0.001 sec - in org.apache.commons.validator.ISBNValidatorTest
Running org.apache.commons.validator.UrlTest
Tests run: 5, Failures: 0, Errors: 0, Skipped: 0, Time elapsed: 0.686 sec - in org.apache.commons.validator.UrlTest
Running org.apache.commons.validator.ShortTest
Tests run: 6, Failures: 0, Errors: 0, Skipped: 0, Time elapsed: 0.105 sec - in org.apache.commons.validator.ShortTest
Running org.apache.commons.validator.ValidatorTest
ValidatorTest.formatDate() - Unparseable date: "2/30/1999"
Tests run: 4, Failures: 0, Errors: 0, Skipped: 0, Time elapsed: 0.009 sec - in org.apache.commons.validator.ValidatorTest
Running org.apache.commons.validator.GenericTypeValidatorTest
Tests run: 3, Failures: 0, Errors: 0, Skipped: 0, Time elapsed: 0.058 sec - in org.apache.commons.validator.GenericTypeValidatorTest
Running org.apache.commons.validator.LocaleTest
Tests run: 5, Failures: 0, Errors: 0, Skipped: 0, Time elapsed: 0.031 sec - in org.apache.commons.validator.LocaleTest
Running org.apache.commons.validator.EntityImportTest
Tests run: 2, Failures: 0, Errors: 0, Skipped: 0, Time elapsed: 0.011 sec - in org.apache.commons.validator.EntityImportTest
Running org.apache.commons.validator.VarTest
Tests run: 1, Failures: 0, Errors: 0, Skipped: 0, Time elapsed: 0.008 sec - in org.apache.commons.validator.VarTest
Running org.apache.commons.validator.RequiredIfTest
Tests run: 5, Failures: 0, Errors: 0, Skipped: 0, Time elapsed: 0.064 sec - in org.apache.commons.validator.RequiredIfTest
Running org.apache.commons.validator.RequiredNameTest
Tests run: 6, Failures: 0, Errors: 0, Skipped: 0, Time elapsed: 0.082 sec - in org.apache.commons.validator.RequiredNameTest
Running org.apache.commons.validator.FieldTest
Tests run: 9, Failures: 0, Errors: 0, Skipped: 0, Time elapsed: 0.006 sec - in org.apache.commons.validator.FieldTest
Running org.apache.commons.validator.MultipleConfigFilesTest
Tests run: 5, Failures: 0, Errors: 0, Skipped: 0, Time elapsed: 0.11 sec - in org.apache.commons.validator.MultipleConfigFilesTest
Running org.apache.commons.validator.util.FlagsTest
Tests run: 13, Failures: 0, Errors: 0, Skipped: 0, Time elapsed: 0.007 sec - in org.apache.commons.validator.util.FlagsTest
Running org.apache.commons.validator.LongTest
Tests run: 8, Failures: 0, Errors: 0, Skipped: 0, Time elapsed: 0.121 sec - in org.apache.commons.validator.LongTest
Running org.apache.commons.validator.GenericValidatorTest
Tests run: 2, Failures: 0, Errors: 0, Skipped: 0, Time elapsed: 0.001 sec - in org.apache.commons.validator.GenericValidatorTest
Running org.apache.commons.validator.ValidatorResultsTest
Tests run: 2, Failures: 0, Errors: 0, Skipped: 0, Time elapsed: 0.026 sec - in org.apache.commons.validator.ValidatorResultsTest
Running org.apache.commons.validator.FloatTest
Tests run: 6, Failures: 0, Errors: 0, Skipped: 0, Time elapsed: 0.097 sec - in org.apache.commons.validator.FloatTest
Running org.apache.commons.validator.DateTest
Tests run: 2, Failures: 0, Errors: 0, Skipped: 0, Time elapsed: 0.038 sec - in org.apache.commons.validator.DateTest
Running org.apache.commons.validator.CreditCardValidatorTest
Tests run: 2, Failures: 0, Errors: 0, Skipped: 0, Time elapsed: 0.01 sec - in org.apache.commons.validator.CreditCardValidatorTest
Running org.apache.commons.validator.ByteTest
Tests run: 8, Failures: 0, Errors: 0, Skipped: 0, Time elapsed: 0.085 sec - in org.apache.commons.validator.ByteTest
Running org.apache.commons.validator.RetrieveFormTest
Sep 24, 2017 12:04:54 PM org.apache.commons.validator.ValidatorResources getForm
WARNING: Form 'INVALID_NAME' not found for locale 'en_US'
Sep 24, 2017 12:04:54 PM org.apache.commons.validator.ValidatorResources getForm
WARNING: Form 'INVALID_NAME' not found for locale 'fr'
Sep 24, 2017 12:04:54 PM org.apache.commons.validator.ValidatorResources getForm
WARNING: Form 'INVALID_NAME' not found for locale 'fr_FR'
Sep 24, 2017 12:04:54 PM org.apache.commons.validator.ValidatorResources getForm
WARNING: Form 'INVALID_NAME' not found for locale 'en_CA'
Sep 24, 2017 12:04:54 PM org.apache.commons.validator.ValidatorResources getForm
WARNING: Form 'INVALID_NAME' not found for locale 'fr_CA'
Sep 24, 2017 12:04:54 PM org.apache.commons.validator.ValidatorResources getForm
WARNING: Form 'INVALID_NAME' not found for locale 'fr_CA_XXX'
Tests run: 5, Failures: 0, Errors: 0, Skipped: 0, Time elapsed: 0.043 sec - in org.apache.commons.validator.RetrieveFormTest
Running org.apache.commons.validator.DoubleTest
Tests run: 6, Failures: 0, Errors: 0, Skipped: 0, Time elapsed: 0.056 sec - in org.apache.commons.validator.DoubleTest
Running org.apache.commons.validator.IntegerTest
Tests run: 8, Failures: 0, Errors: 0, Skipped: 0, Time elapsed: 0.089 sec - in org.apache.commons.validator.IntegerTest
Running org.apache.commons.validator.MultipleTest
Tests run: 8, Failures: 0, Errors: 0, Skipped: 0, Time elapsed: 0.105 sec - in org.apache.commons.validator.MultipleTest
Running org.apache.commons.validator.EmailTest
Tests run: 11, Failures: 0, Errors: 0, Skipped: 0, Time elapsed: 0.097 sec - in org.apache.commons.validator.EmailTest
Running org.apache.commons.validator.CustomValidatorResourcesTest
Tests run: 1, Failures: 0, Errors: 0, Skipped: 0, Time elapsed: 0.001 sec - in org.apache.commons.validator.CustomValidatorResourcesTest
Running org.apache.commons.validator.ParameterTest
Tests run: 1, Failures: 0, Errors: 0, Skipped: 0, Time elapsed: 0.012 sec - in org.apache.commons.validator.ParameterTest
Running org.apache.commons.validator.ExceptionTest
Tests run: 1, Failures: 0, Errors: 0, Skipped: 0, Time elapsed: 0.015 sec - in org.apache.commons.validator.ExceptionTest

Results :

Failed tests: 
  BigDecimalValidatorTest.testBigDecimalRangeMinMax:139 maxValue(A) < max

Tests run: 520, Failures: 1, Errors: 0, Skipped: 0

[INFO] ------------------------------------------------------------------------
[INFO] BUILD FAILURE
[INFO] ------------------------------------------------------------------------
[INFO] Total time: 11.597s
[INFO] Finished at: Sun Sep 24 12:04:54 PDT 2017
[INFO] Final Memory: 17M/287M
[INFO] ------------------------------------------------------------------------
[ERROR] Failed to execute goal org.apache.maven.plugins:maven-surefire-plugin:2.18.1:test (default-test) on project commons-validator: There are test failures.
[ERROR] 
[ERROR] Please refer to /home/ubuntu/research/commons-validator/target/surefire-reports for the individual test results.
[ERROR] -> [Help 1]
[ERROR] 
[ERROR] To see the full stack trace of the errors, re-run Maven with the -e switch.
[ERROR] Re-run Maven using the -X switch to enable full debug logging.
[ERROR] 
[ERROR] For more information about the errors and possible solutions, please read the following articles:
[ERROR] [Help 1] http://cwiki.apache.org/confluence/display/MAVEN/MojoFailureException
